Library/Bee/Android/Prj/Mono2x/Gradle/unityLibrary/build/intermediates/manifest_merge_blame_file/debug/manifest-merger-blame-debug-report.txt
1<?xml version="1.0" encoding="utf-8"?>
2<manifest xmlns:android="http://schemas.android.com/apk/res/android"
3    package="com.unity3d.player"
4    android:versionCode="1"
5    android:versionName="1.0" >
6
7    <uses-sdk
8        android:minSdkVersion="27"
8-->src\main\AndroidManifest.xml
9        android:targetSdkVersion="30" />
9-->src\main\AndroidManifest.xml
10
11    <uses-permission android:name="android.permission.RECORD_AUDIO" />
11-->src\main\AndroidManifest.xml:3:3-69
11-->src\main\AndroidManifest.xml:3:20-66
12    <uses-permission android:name="android.permission.INTERNET" />
12-->src\main\AndroidManifest.xml:4:3-65
12-->src\main\AndroidManifest.xml:4:20-62
13
14    <uses-feature android:glEsVersion="0x00030000" />
14-->src\main\AndroidManifest.xml:20:3-52
14-->src\main\AndroidManifest.xml:20:17-49
15    <uses-feature
15-->src\main\AndroidManifest.xml:21:3-91
16        android:name="android.hardware.vulkan.version"
16-->src\main\AndroidManifest.xml:21:17-63
17        android:required="false" />
17-->src\main\AndroidManifest.xml:21:64-88
18    <uses-feature
18-->src\main\AndroidManifest.xml:22:3-88
19        android:name="android.hardware.touchscreen"
19-->src\main\AndroidManifest.xml:22:17-60
20        android:required="false" />
20-->src\main\AndroidManifest.xml:22:61-85
21    <uses-feature
21-->src\main\AndroidManifest.xml:23:3-99
22        android:name="android.hardware.touchscreen.multitouch"
22-->src\main\AndroidManifest.xml:23:17-71
23        android:required="false" />
23-->src\main\AndroidManifest.xml:23:72-96
24    <uses-feature
24-->src\main\AndroidManifest.xml:24:3-108
25        android:name="android.hardware.touchscreen.multitouch.distinct"
25-->src\main\AndroidManifest.xml:24:17-80
26        android:required="false" />
26-->src\main\AndroidManifest.xml:24:81-105
27
28    <application
28-->src\main\AndroidManifest.xml:5:3-19:17
29        android:extractNativeLibs="true"
29-->src\main\AndroidManifest.xml:5:16-48
30        android:isGame="true" >
30-->src\main\AndroidManifest.xml:5:49-70
31        <activity
31-->src\main\AndroidManifest.xml:6:5-13:16
32            android:name="com.starseed.speechtotext.MainActivity"
32-->src\main\AndroidManifest.xml:6:125-178
33            android:configChanges="keyboard|keyboardHidden|orientation|screenLayout|uiMode|screenSize|smallestScreenSize" >
33-->src\main\AndroidManifest.xml:6:15-124
34            <intent-filter>
34-->src\main\AndroidManifest.xml:7:7-11:23
35                <action android:name="android.intent.action.MAIN" />
35-->src\main\AndroidManifest.xml:8:9-61
35-->src\main\AndroidManifest.xml:8:17-58
36
37                <category android:name="android.intent.category.LAUNCHER" />
37-->src\main\AndroidManifest.xml:9:9-69
37-->src\main\AndroidManifest.xml:9:19-66
38                <category android:name="android.intent.category.LEANBACK_LAUNCHER" />
38-->src\main\AndroidManifest.xml:10:9-78
38-->src\main\AndroidManifest.xml:10:19-75
39            </intent-filter>
40
41            <meta-data
41-->src\main\AndroidManifest.xml:12:7-78
42                android:name="android.notch_support"
42-->src\main\AndroidManifest.xml:12:18-54
43                android:value="true" />
43-->src\main\AndroidManifest.xml:12:55-75
44        </activity>
45
46        <meta-data
46-->src\main\AndroidManifest.xml:14:5-69
47            android:name="unity.splash-mode"
47-->src\main\AndroidManifest.xml:14:16-48
48            android:value="0" />
48-->src\main\AndroidManifest.xml:14:49-66
49        <meta-data
49-->src\main\AndroidManifest.xml:15:5-74
50            android:name="unity.splash-enable"
50-->src\main\AndroidManifest.xml:15:16-50
51            android:value="True" />
51-->src\main\AndroidManifest.xml:15:51-71
52        <meta-data
52-->src\main\AndroidManifest.xml:16:5-78
53            android:name="unity.launch-fullscreen"
53-->src\main\AndroidManifest.xml:16:16-54
54            android:value="True" />
54-->src\main\AndroidManifest.xml:16:55-75
55        <meta-data
55-->src\main\AndroidManifest.xml:17:5-84
56            android:name="unity.allow-resizable-window"
56-->src\main\AndroidManifest.xml:17:16-59
57            android:value="False" />
57-->src\main\AndroidManifest.xml:17:60-81
58        <meta-data
58-->src\main\AndroidManifest.xml:18:5-81
59            android:name="notch.config"
59-->src\main\AndroidManifest.xml:18:16-43
60            android:value="portrait|landscape" />
60-->src\main\AndroidManifest.xml:18:44-78
61    </application>
62
63</manifest>